<?xml version="1.0" encoding="UTF-8"?>
<!-- Generated by org.testng.reporters.JUnitReportReporter -->
<testsuite hostname="ankita-ThinkPad-E470" failures="0" tests="6" name="com.tests.regression.CreatePoCompanyRegressionSuite" time="71.303" errors="0" timestamp="2020-03-19T19:10:55 IST" skipped="0">
  <testcase classname="com.tests.regression.CreatePoCompanyRegressionSuite" name="createNewPO" time="26.620"/>
  <system-out/>
  <testcase classname="com.tests.regression.CreatePoCompanyRegressionSuite" name="updatePoStatusApproveAdmin" time="9.394"/>
  <system-out/>
  <testcase classname="com.tests.regression.CreatePoCompanyRegressionSuite" name="updatePoStatusDispatchAdminTest" time="10.589"/>
  <system-out/>
  <testcase classname="com.tests.regression.CreatePoCompanyRegressionSuite" name="creteGateInEntry" time="7.591"/>
  <system-out/>
  <testcase classname="com.tests.regression.CreatePoCompanyRegressionSuite" name="gateOut" time="3.284"/>
  <system-out/>
  <testcase classname="com.tests.regression.CreatePoCompanyRegressionSuite" name="statusComplete" time="13.825"/>
  <system-out/>
</testsuite> <!-- com.tests.regression.CreatePoCompanyRegressionSuite -->
