<?xml version="1.0" encoding="UTF-8"?>
<!-- Generated by org.testng.reporters.JUnitReportReporter -->
<testsuite hostname="ankita-ThinkPad-E470" failures="0" tests="1" name="com.tests.EditVehicleTest" time="46.361" errors="0" timestamp="2020-03-09T15:57:15 IST" skipped="0">
  <testcase classname="com.tests.EditVehicleTest" name="editVehicle" time="46.361"/>
  <system-out/>
</testsuite> <!-- com.tests.EditVehicleTest -->
