<?xml version="1.0" encoding="UTF-8"?>
<!-- Generated by org.testng.reporters.JUnitReportReporter -->
<testsuite hostname="ankita-ThinkPad-E470" failures="0" tests="1" name="com.tests.AddVehicleExFactoryTest" time="70.312" errors="0" timestamp="2020-03-12T16:10:27 IST" skipped="0">
  <testcase classname="com.tests.AddVehicleExFactoryTest" name="addVehicle" time="70.312"/>
  <system-out/>
</testsuite> <!-- com.tests.AddVehicleExFactoryTest -->
