<?xml version="1.0" encoding="UTF-8"?>
<!-- Generated by org.testng.reporters.JUnitReportReporter -->
<testsuite hostname="ankita-ThinkPad-E470" failures="0" tests="1" name="com.tests.AddVehicleTest" time="96.165" errors="0" timestamp="2020-03-13T16:41:04 IST" skipped="0">
  <testcase classname="com.tests.AddVehicleTest" name="addVehicle" time="96.165"/>
  <system-out/>
</testsuite> <!-- com.tests.AddVehicleTest -->
