<?xml version="1.0" encoding="UTF-8"?>
<!-- Generated by org.testng.reporters.JUnitReportReporter -->
<testsuite hostname="ankita-ThinkPad-E470" failures="0" tests="30" name="com.tests.InstaLoadTestScript" time="605.537" errors="0" timestamp="2020-11-27T14:45:06 IST" skipped="0">
  <testcase classname="com.tests.InstaLoadTestScript" name="openBrowser" time="20.691"/>
  <system-out/>
  <testcase classname="com.tests.InstaLoadTestScript" name="openBrowser" time="21.587"/>
  <system-out/>
  <testcase classname="com.tests.InstaLoadTestScript" name="openBrowser" time="19.513"/>
  <system-out/>
  <testcase classname="com.tests.InstaLoadTestScript" name="openBrowser" time="30.721"/>
  <system-out/>
  <testcase classname="com.tests.InstaLoadTestScript" name="openBrowser" time="19.551"/>
  <system-out/>
  <testcase classname="com.tests.InstaLoadTestScript" name="openBrowser" time="17.955"/>
  <system-out/>
  <testcase classname="com.tests.InstaLoadTestScript" name="openBrowser" time="20.089"/>
  <system-out/>
  <testcase classname="com.tests.InstaLoadTestScript" name="openBrowser" time="23.204"/>
  <system-out/>
  <testcase classname="com.tests.InstaLoadTestScript" name="openBrowser" time="21.244"/>
  <system-out/>
  <testcase classname="com.tests.InstaLoadTestScript" name="openBrowser" time="16.796"/>
  <system-out/>
  <testcase classname="com.tests.InstaLoadTestScript" name="openBrowser" time="20.316"/>
  <system-out/>
  <testcase classname="com.tests.InstaLoadTestScript" name="openBrowser" time="20.260"/>
  <system-out/>
  <testcase classname="com.tests.InstaLoadTestScript" name="openBrowser" time="17.074"/>
  <system-out/>
  <testcase classname="com.tests.InstaLoadTestScript" name="openBrowser" time="19.130"/>
  <system-out/>
  <testcase classname="com.tests.InstaLoadTestScript" name="openBrowser" time="18.773"/>
  <system-out/>
  <testcase classname="com.tests.InstaLoadTestScript" name="openBrowser" time="23.249"/>
  <system-out/>
  <testcase classname="com.tests.InstaLoadTestScript" name="openBrowser" time="19.309"/>
  <system-out/>
  <testcase classname="com.tests.InstaLoadTestScript" name="openBrowser" time="19.277"/>
  <system-out/>
  <testcase classname="com.tests.InstaLoadTestScript" name="openBrowser" time="19.446"/>
  <system-out/>
  <testcase classname="com.tests.InstaLoadTestScript" name="openBrowser" time="18.199"/>
  <system-out/>
  <testcase classname="com.tests.InstaLoadTestScript" name="openBrowser" time="22.202"/>
  <system-out/>
  <testcase classname="com.tests.InstaLoadTestScript" name="openBrowser" time="17.953"/>
  <system-out/>
  <testcase classname="com.tests.InstaLoadTestScript" name="openBrowser" time="18.358"/>
  <system-out/>
  <testcase classname="com.tests.InstaLoadTestScript" name="openBrowser" time="21.759"/>
  <system-out/>
  <testcase classname="com.tests.InstaLoadTestScript" name="openBrowser" time="19.416"/>
  <system-out/>
  <testcase classname="com.tests.InstaLoadTestScript" name="openBrowser" time="19.126"/>
  <system-out/>
  <testcase classname="com.tests.InstaLoadTestScript" name="openBrowser" time="20.990"/>
  <system-out/>
  <testcase classname="com.tests.InstaLoadTestScript" name="openBrowser" time="23.231"/>
  <system-out/>
  <testcase classname="com.tests.InstaLoadTestScript" name="openBrowser" time="17.675"/>
  <system-out/>
  <testcase classname="com.tests.InstaLoadTestScript" name="openBrowser" time="18.443"/>
  <system-out/>
</testsuite> <!-- com.tests.InstaLoadTestScript -->
