<?xml version="1.0" encoding="UTF-8"?>
<!-- Generated by org.testng.reporters.JUnitReportReporter -->
<testsuite hostname="ankita-ThinkPad-E470" failures="0" tests="2" name="com.tests.UpdatePoStatusDispatchAdminTest" time="18.699" errors="0" timestamp="2020-02-29T11:28:24 IST" skipped="0">
  <testcase classname="com.tests.UpdatePoStatusDispatchAdminTest" name="firstRecordClick" time="7.034"/>
  <system-out/>
  <testcase classname="com.tests.UpdatePoStatusDispatchAdminTest" name="updatePoStatusDispatchAdminTest" time="11.665"/>
  <system-out/>
</testsuite> <!-- com.tests.UpdatePoStatusDispatchAdminTest -->
