<?xml version="1.0" encoding="UTF-8"?>
<!-- Generated by org.testng.reporters.JUnitReportReporter -->
<testsuite hostname="ankita-ThinkPad-E470" failures="0" tests="1" name="com.tests.StartTest" time="0.001" errors="0" timestamp="2020-02-20T12:27:47 IST" skipped="0">
  <testcase classname="com.tests.StartTest" name="testTest" time="0.001"/>
  <system-out/>
</testsuite> <!-- com.tests.StartTest -->
