<?xml version="1.0" encoding="UTF-8"?>
<!-- Generated by org.testng.reporters.JUnitReportReporter -->
<testsuite hostname="ankita-ThinkPad-E470" failures="0" tests="1" name="com.tests.transaction.CreateNewAccessoryPOTest" time="30.290" errors="0" timestamp="2020-03-03T11:34:57 IST" skipped="0">
  <testcase classname="com.tests.transaction.CreateNewAccessoryPOTest" name="createNewPO" time="30.290"/>
  <system-out/>
</testsuite> <!-- com.tests.transaction.CreateNewAccessoryPOTest -->
