<?xml version="1.0" encoding="UTF-8"?>
<!-- Generated by org.testng.reporters.JUnitReportReporter -->
<testsuite hostname="ankita-ThinkPad-E470" failures="0" tests="1" name="com.tests.transaction.UpdatePoStatusDispatchAdminTest" time="24.234" errors="0" timestamp="2020-07-17T11:13:15 IST" skipped="0">
  <testcase classname="com.tests.transaction.UpdatePoStatusDispatchAdminTest" name="firstRecordClick" time="24.234"/>
  <system-out/>
</testsuite> <!-- com.tests.transaction.UpdatePoStatusDispatchAdminTest -->
