<?xml version="1.0" encoding="UTF-8"?>
<!-- Generated by org.testng.reporters.JUnitReportReporter -->
<testsuite hostname="ankita-ThinkPad-E470" failures="0" tests="1" name="com.tests.transaction.CreateGateEntry" time="15.174" errors="0" timestamp="2020-07-17T12:41:44 IST" skipped="0">
  <testcase classname="com.tests.transaction.CreateGateEntry" name="creteGateInEntry" time="15.174"/>
  <system-out/>
</testsuite> <!-- com.tests.transaction.CreateGateEntry -->
