<?xml version="1.0" encoding="UTF-8"?>
<!-- Generated by org.testng.reporters.JUnitReportReporter -->
<testsuite hostname="ankita-ThinkPad-E470" failures="0" tests="1" name="com.tests.WebTableTest" time="0.088" errors="0" timestamp="2021-01-24T17:11:18 IST" skipped="0">
  <testcase classname="com.tests.WebTableTest" name="getFinalName" time="0.088"/>
  <system-out/>
</testsuite> <!-- com.tests.WebTableTest -->
