<?xml version="1.0" encoding="UTF-8"?>
<!-- Generated by org.testng.reporters.JUnitReportReporter -->
<testsuite hostname="ankita-ThinkPad-E470" failures="0" tests="1" name="com.tests.EditCustomer" time="20.608" errors="0" timestamp="2020-02-18T18:49:33 IST" skipped="0">
  <testcase classname="com.tests.EditCustomer" name="editCustomerTest" time="20.608"/>
  <system-out/>
</testsuite> <!-- com.tests.EditCustomer -->
