<?xml version="1.0" encoding="UTF-8"?>
<!-- Generated by org.testng.reporters.JUnitReportReporter -->
<testsuite hostname="ankita-ThinkPad-E470" failures="0" tests="1" name="com.tests.AddTransporterTest" time="61.209" errors="0" timestamp="2020-03-11T17:05:41 IST" skipped="0">
  <testcase classname="com.tests.AddTransporterTest" name="addTransporter" time="61.209"/>
  <system-out/>
</testsuite> <!-- com.tests.AddTransporterTest -->
