<?xml version="1.0" encoding="UTF-8"?>
<!-- Generated by org.testng.reporters.JUnitReportReporter -->
<testsuite hostname="ankita-ThinkPad-E470" failures="0" tests="1" name="com.tests.EditCustomerTest" time="24.887" errors="0" timestamp="2020-04-04T11:19:54 IST" skipped="0">
  <testcase classname="com.tests.EditCustomerTest" name="editCustomerTest" time="24.887"/>
  <system-out/>
</testsuite> <!-- com.tests.EditCustomerTest -->
