<?xml version="1.0" encoding="UTF-8"?>
<!-- Generated by org.testng.reporters.JUnitReportReporter -->
<testsuite hostname="ankita-ThinkPad-E470" failures="0" tests="1" name="com.tests.PracticeBase" time="1.035" errors="0" timestamp="2020-11-16T10:50:16 IST" skipped="0">
  <testcase classname="com.tests.PracticeBase" name="LoginTest" time="1.035"/>
  <system-out/>
</testsuite> <!-- com.tests.PracticeBase -->
