<?xml version="1.0" encoding="UTF-8"?>
<!-- Generated by org.testng.reporters.JUnitReportReporter -->
<testsuite hostname="ankita-ThinkPad-E470" failures="0" tests="1" name="com.tests.datadriven.LoginTestDataDriven" time="174.915" errors="0" timestamp="2020-03-04T18:13:40 IST" skipped="0">
  <testcase classname="com.tests.datadriven.LoginTestDataDriven" name="loginTest" time="174.915"/>
  <system-out/>
</testsuite> <!-- com.tests.datadriven.LoginTestDataDriven -->
