<?xml version="1.0" encoding="UTF-8"?>
<!-- Generated by org.testng.reporters.JUnitReportReporter -->
<testsuite hostname="ankita-ThinkPad-E470" failures="0" tests="1" name="com.tests.transaction.CreateNewPOCompanyTest" time="44.861" errors="0" timestamp="2020-07-17T13:10:07 IST" skipped="0">
  <testcase classname="com.tests.transaction.CreateNewPOCompanyTest" name="createNewPO" time="44.861"/>
  <system-out/>
</testsuite> <!-- com.tests.transaction.CreateNewPOCompanyTest -->
