<?xml version="1.0" encoding="UTF-8"?>
<!-- Generated by org.testng.reporters.JUnitReportReporter -->
<testsuite hostname="ankita-ThinkPad-E470" failures="0" tests="1" name="com.tests.HelpTest" time="0.351" errors="0" timestamp="2020-11-17T19:34:14 IST" skipped="0">
  <testcase classname="com.tests.HelpTest" name="enter" time="0.351"/>
  <system-out/>
</testsuite> <!-- com.tests.HelpTest -->
