<?xml version="1.0" encoding="UTF-8"?>
<!-- Generated by org.testng.reporters.JUnitReportReporter -->
<testsuite hostname="ankita-ThinkPad-E470" failures="0" tests="7" name="com.tests.regression.CreateNewExFactoryPoRegressionSuite" time="86.899" errors="0" timestamp="2020-07-17T18:25:15 IST" skipped="0">
  <testcase classname="com.tests.regression.CreateNewExFactoryPoRegressionSuite" name="createNewPO" time="25.504"/>
  <system-out/>
  <testcase classname="com.tests.regression.CreateNewExFactoryPoRegressionSuite" name="updatePoStatusApproveAdmin" time="8.118"/>
  <system-out/>
  <testcase classname="com.tests.regression.CreateNewExFactoryPoRegressionSuite" name="sendIntemation" time="7.622"/>
  <system-out/>
  <testcase classname="com.tests.regression.CreateNewExFactoryPoRegressionSuite" name="updateStatusDispatch" time="17.028"/>
  <system-out/>
  <testcase classname="com.tests.regression.CreateNewExFactoryPoRegressionSuite" name="creteGateInEntry" time="9.804"/>
  <system-out/>
  <testcase classname="com.tests.regression.CreateNewExFactoryPoRegressionSuite" name="gateOut" time="5.368"/>
  <system-out/>
  <testcase classname="com.tests.regression.CreateNewExFactoryPoRegressionSuite" name="completedTest" time="13.455"/>
  <system-out/>
</testsuite> <!-- com.tests.regression.CreateNewExFactoryPoRegressionSuite -->
