<?xml version="1.0" encoding="UTF-8"?>
<!-- Generated by org.testng.reporters.JUnitReportReporter -->
<testsuite hostname="ankita-ThinkPad-E470" failures="0" tests="1" name="com.tests.transaction.UpdatePOStatusApproverAdminTest" time="38.664" errors="0" timestamp="2020-07-17T11:10:38 IST" skipped="0">
  <testcase classname="com.tests.transaction.UpdatePOStatusApproverAdminTest" name="updatePoStatusAdmin" time="38.664"/>
  <system-out/>
</testsuite> <!-- com.tests.transaction.UpdatePOStatusApproverAdminTest -->
