<?xml version="1.0" encoding="UTF-8"?>
<!-- Generated by org.testng.reporters.JUnitReportReporter -->
<testsuite hostname="ankita-ThinkPad-E470" failures="0" tests="1" name="com.tests.datadriven.AddVehicleTestDD" time="22.909" errors="0" timestamp="2020-02-24T18:51:15 IST" skipped="0">
  <testcase classname="com.tests.datadriven.AddVehicleTestDD" name="addVehicleData" time="22.909"/>
  <system-out/>
</testsuite> <!-- com.tests.datadriven.AddVehicleTestDD -->
