<?xml version="1.0" encoding="UTF-8"?>
<!-- Generated by org.testng.reporters.JUnitReportReporter -->
<testsuite hostname="ankita-ThinkPad-E470" failures="0" tests="1" name="com.tests.AddVehicleTransporterTest" time="51.530" errors="0" timestamp="2020-03-11T16:52:19 IST" skipped="0">
  <testcase classname="com.tests.AddVehicleTransporterTest" name="addVehicle" time="51.530"/>
  <system-out/>
</testsuite> <!-- com.tests.AddVehicleTransporterTest -->
