<?xml version="1.0" encoding="UTF-8"?>
<!-- Generated by org.testng.reporters.JUnitReportReporter -->
<testsuite hostname="ankita-ThinkPad-E470" failures="0" tests="1" name="com.tests.EditItemTest" time="44.820" errors="0" timestamp="2020-03-06T16:32:13 IST" skipped="0">
  <testcase classname="com.tests.EditItemTest" name="editItem" time="44.820"/>
  <system-out/>
</testsuite> <!-- com.tests.EditItemTest -->
