<?xml version="1.0" encoding="UTF-8"?>
<!-- Generated by org.testng.reporters.JUnitReportReporter -->
<testsuite hostname="ankita-ThinkPad-E470" failures="0" tests="1" name="com.pageObjects.AddItemExcelReadedTEST" time="6.432" errors="0" timestamp="2020-03-04T15:45:49 IST" skipped="0">
  <testcase classname="com.pageObjects.AddItemExcelReadedTEST" name="testExcel" time="6.432"/>
  <system-out/>
</testsuite> <!-- com.pageObjects.AddItemExcelReadedTEST -->
