<?xml version="1.0" encoding="UTF-8"?>
<!-- Generated by org.testng.reporters.JUnitReportReporter -->
<testsuite hostname="ankita-ThinkPad-E470" failures="0" tests="1" name="com.tests.UpdatePOStatusApproverAdminTest" time="16.379" errors="0" timestamp="2020-02-29T11:27:13 IST" skipped="0">
  <testcase classname="com.tests.UpdatePOStatusApproverAdminTest" name="updatePoStatusAdmin" time="16.379"/>
  <system-out/>
</testsuite> <!-- com.tests.UpdatePOStatusApproverAdminTest -->
