<?xml version="1.0" encoding="UTF-8"?>
<!-- Generated by org.testng.reporters.JUnitReportReporter -->
<testsuite hostname="ankita-ThinkPad-E470" failures="0" tests="1" name="com.tests.CreateNewPOTest" time="21.314" errors="0" timestamp="2020-02-29T11:14:04 IST" skipped="0">
  <testcase classname="com.tests.CreateNewPOTest" name="createNewPO" time="21.314"/>
  <system-out/>
</testsuite> <!-- com.tests.CreateNewPOTest -->
