<?xml version="1.0" encoding="UTF-8"?>
<!-- Generated by org.testng.reporters.JUnitReportReporter -->
<testsuite hostname="ankita-ThinkPad-E470" failures="0" tests="1" name="com.tests.EditCompanyTest" time="23.849" errors="0" timestamp="2020-03-06T15:08:43 IST" skipped="0">
  <testcase classname="com.tests.EditCompanyTest" name="editCompanyTest" time="23.849"/>
  <system-out/>
</testsuite> <!-- com.tests.EditCompanyTest -->
