<?xml version="1.0" encoding="UTF-8"?>
<!-- Generated by org.testng.reporters.JUnitReportReporter -->
<testsuite hostname="ankita-ThinkPad-E470" failures="0" tests="1" name="com.tests.EditCustomerTest" time="30.320" errors="0" timestamp="2020-03-06T15:51:19 IST" skipped="0">
  <testcase classname="com.tests.EditCustomerTest" name="editCustomerTest" time="30.320"/>
  <system-out/>
</testsuite> <!-- com.tests.EditCustomerTest -->
