<?xml version="1.0" encoding="UTF-8"?>
<!-- Generated by org.testng.reporters.JUnitReportReporter -->
<testsuite hostname="ankita-ThinkPad-E470" failures="0" tests="9" name="com.tests.regression.MasterRegressionSuite" time="257.563" errors="0" timestamp="2020-11-07T18:27:35 IST" skipped="0">
  <testcase classname="com.tests.regression.MasterRegressionSuite" name="customerAdding" time="17.932"/>
  <system-out/>
  <testcase classname="com.tests.regression.MasterRegressionSuite" name="addItem" time="6.796"/>
  <system-out/>
  <testcase classname="com.tests.regression.MasterRegressionSuite" name="addMagazine" time="81.592"/>
  <system-out/>
  <testcase classname="com.tests.regression.MasterRegressionSuite" name="addVehicle" time="75.802"/>
  <system-out/>
  <testcase classname="com.tests.regression.MasterRegressionSuite" name="addCompanyTest" time="6.041"/>
  <system-out/>
  <testcase classname="com.tests.regression.MasterRegressionSuite" name="addTransporter" time="10.886"/>
  <system-out/>
  <testcase classname="com.tests.regression.MasterRegressionSuite" name="addSecurityAgency" time="7.906"/>
  <system-out/>
  <testcase classname="com.tests.regression.MasterRegressionSuite" name="addSecurityGuard" time="9.611"/>
  <system-out/>
  <testcase classname="com.tests.regression.MasterRegressionSuite" name="addDriver" time="40.997"/>
  <system-out/>
</testsuite> <!-- com.tests.regression.MasterRegressionSuite -->
