<?xml version="1.0" encoding="UTF-8"?>
<!-- Generated by org.testng.reporters.JUnitReportReporter -->
<testsuite hostname="ankita-ThinkPad-E470" failures="0" tests="1" name="com.tests.AddItemTest" time="21.245" errors="0" timestamp="2020-03-12T11:11:00 IST" skipped="0">
  <testcase classname="com.tests.AddItemTest" name="addItem" time="21.245"/>
  <system-out/>
</testsuite> <!-- com.tests.AddItemTest -->
