<?xml version="1.0" encoding="UTF-8"?>
<!-- Generated by org.testng.reporters.JUnitReportReporter -->
<testsuite hostname="ankita-ThinkPad-E470" failures="0" tests="1" name="com.tests.EditDriverTest" time="79.681" errors="0" timestamp="2020-03-06T16:02:57 IST" skipped="0">
  <testcase classname="com.tests.EditDriverTest" name="addDriver" time="79.681"/>
  <system-out/>
</testsuite> <!-- com.tests.EditDriverTest -->
