<?xml version="1.0" encoding="UTF-8"?>
<!-- Generated by org.testng.reporters.JUnitReportReporter -->
<testsuite hostname="ankita-ThinkPad-E470" failures="0" tests="1" name="com.tests.transaction.CreateNewPOTest" time="79.103" errors="0" timestamp="2020-03-03T14:04:12 IST" skipped="0">
  <testcase classname="com.tests.transaction.CreateNewPOTest" name="createNewPO" time="79.103"/>
  <system-out/>
</testsuite> <!-- com.tests.transaction.CreateNewPOTest -->
