<?xml version="1.0" encoding="UTF-8"?>
<!-- Generated by org.testng.reporters.JUnitReportReporter -->
<testsuite hostname="ankita-ThinkPad-E470" failures="0" tests="1" name="com.tests.transaction.UpdatePoStatusCompletedAdminTest" time="23.787" errors="0" timestamp="2020-07-17T13:02:13 IST" skipped="0">
  <testcase classname="com.tests.transaction.UpdatePoStatusCompletedAdminTest" name="firstRecordClick" time="23.787"/>
  <system-out/>
</testsuite> <!-- com.tests.transaction.UpdatePoStatusCompletedAdminTest -->
