<?xml version="1.0" encoding="UTF-8"?>
<!-- Generated by org.testng.reporters.JUnitReportReporter -->
<testsuite hostname="ankita-ThinkPad-E470" failures="0" tests="1" name="com.tests.transaction.CreateNewPoExFactoryTest" time="41.585" errors="0" timestamp="2020-07-16T13:44:16 IST" skipped="0">
  <testcase classname="com.tests.transaction.CreateNewPoExFactoryTest" name="createNewPO" time="41.585"/>
  <system-out/>
</testsuite> <!-- com.tests.transaction.CreateNewPoExFactoryTest -->
