<?xml version="1.0" encoding="UTF-8"?>
<!-- Generated by org.testng.reporters.JUnitReportReporter -->
<testsuite hostname="ankita-ThinkPad-E470" failures="1" tests="9" name="com.tests.regression.MasterEditRegressionSuite" time="264.483" errors="0" timestamp="2020-03-12T15:43:28 IST" skipped="0">
  <testcase classname="com.tests.regression.MasterEditRegressionSuite" name="editCustomerTest" time="25.059"/>
  <system-out/>
  <testcase classname="com.tests.regression.MasterEditRegressionSuite" name="editItem" time="20.689"/>
  <system-out/>
  <testcase classname="com.tests.regression.MasterEditRegressionSuite" name="editMagazine" time="51.688"/>
  <system-out/>
  <testcase classname="com.tests.regression.MasterEditRegressionSuite" name="editVehicle" time="66.772"/>
  <system-out/>
  <testcase classname="com.tests.regression.MasterEditRegressionSuite" name="editCompanyTest" time="11.706"/>
  <system-out/>
  <testcase classname="com.tests.regression.MasterEditRegressionSuite" name="editTransporter" time="15.345"/>
  <system-out/>
  <testcase classname="com.tests.regression.MasterEditRegressionSuite" name="editSecurityAgency" time="17.916"/>
  <system-out/>
  <testcase classname="com.tests.regression.MasterEditRegressionSuite" name="editSecurityGuard" time="15.999"/>
  <system-out/>
  <testcase classname="com.tests.regression.MasterEditRegressionSuite" name="editDriver" time="39.309">
    <failure message="expected [ Driver  updated successfully] but found [Driver updated successfully]" type="java.lang.AssertionError">
      <![CDATA[java.lang.AssertionError: expected [ Driver  updated successfully] but found [Driver updated successfully]
at org.testng.Assert.fail(Assert.java:97)
at org.testng.Assert.assertEqualsImpl(Assert.java:136)
at org.testng.Assert.assertEquals(Assert.java:118)
at org.testng.Assert.assertEquals(Assert.java:575)
at org.testng.Assert.assertEquals(Assert.java:585)
at com.pageEditObjects.EditDriverPage.submitchk(EditDriverPage.java:139)
at com.tests.regression.MasterEditRegressionSuite.editDriver(MasterEditRegressionSuite.java:561)
at java.base/jdk.internal.reflect.NativeMethodAccessorImpl.invoke0(Native Method)
at java.base/jdk.internal.reflect.NativeMethodAccessorImpl.invoke(NativeMethodAccessorImpl.java:62)
at java.base/jdk.internal.reflect.DelegatingMethodAccessorImpl.invoke(DelegatingMethodAccessorImpl.java:43)
at java.base/java.lang.reflect.Method.invoke(Method.java:566)
at org.testng.internal.MethodInvocationHelper.invokeMethod(MethodInvocationHelper.java:134)
at org.testng.internal.TestInvoker.invokeMethod(TestInvoker.java:597)
at org.testng.internal.TestInvoker.invokeTestMethod(TestInvoker.java:173)
at org.testng.internal.MethodRunner.runInSequence(MethodRunner.java:46)
at org.testng.internal.TestInvoker$MethodInvocationAgent.invoke(TestInvoker.java:816)
at org.testng.internal.TestInvoker.invokeTestMethods(TestInvoker.java:146)
at org.testng.internal.TestMethodWorker.invokeTestMethods(TestMethodWorker.java:146)
at org.testng.internal.TestMethodWorker.run(TestMethodWorker.java:128)
at java.base/java.util.ArrayList.forEach(ArrayList.java:1540)
at org.testng.TestRunner.privateRun(TestRunner.java:766)
at org.testng.TestRunner.run(TestRunner.java:587)
at org.testng.SuiteRunner.runTest(SuiteRunner.java:384)
at org.testng.SuiteRunner.runSequentially(SuiteRunner.java:378)
at org.testng.SuiteRunner.privateRun(SuiteRunner.java:337)
at org.testng.SuiteRunner.run(SuiteRunner.java:286)
at org.testng.SuiteRunnerWorker.runSuite(SuiteRunnerWorker.java:53)
at org.testng.SuiteRunnerWorker.run(SuiteRunnerWorker.java:96)
at org.testng.TestNG.runSuitesSequentially(TestNG.java:1187)
at org.testng.TestNG.runSuitesLocally(TestNG.java:1109)
at org.testng.TestNG.runSuites(TestNG.java:1039)
at org.testng.TestNG.run(TestNG.java:1007)
at org.testng.remote.AbstractRemoteTestNG.run(AbstractRemoteTestNG.java:115)
at org.testng.remote.RemoteTestNG.initAndRun(RemoteTestNG.java:251)
at org.testng.remote.RemoteTestNG.main(RemoteTestNG.java:77)
]]>
    </failure>
  </testcase> <!-- editDriver -->
  <system-out/>
</testsuite> <!-- com.tests.regression.MasterEditRegressionSuite -->
