<?xml version="1.0" encoding="UTF-8"?>
<!-- Generated by org.testng.reporters.JUnitReportReporter -->
<testsuite hostname="ankita-ThinkPad-E470" failures="0" tests="6" name="com.tests.regression.CreateNewExFactoryPoRegressionSuite" time="72.154" errors="0" timestamp="2020-03-19T19:45:34 IST" skipped="0">
  <testcase classname="com.tests.regression.CreateNewExFactoryPoRegressionSuite" name="createNewPO" time="25.414"/>
  <system-out/>
  <testcase classname="com.tests.regression.CreateNewExFactoryPoRegressionSuite" name="updatePoStatusApproveAdmin" time="9.707"/>
  <system-out/>
  <testcase classname="com.tests.regression.CreateNewExFactoryPoRegressionSuite" name="updatePoStatusDispatchAdminTest" time="11.046"/>
  <system-out/>
  <testcase classname="com.tests.regression.CreateNewExFactoryPoRegressionSuite" name="creteGateInEntry" time="8.136"/>
  <system-out/>
  <testcase classname="com.tests.regression.CreateNewExFactoryPoRegressionSuite" name="gateOut" time="3.352"/>
  <system-out/>
  <testcase classname="com.tests.regression.CreateNewExFactoryPoRegressionSuite" name="statusComplete" time="14.499"/>
  <system-out/>
</testsuite> <!-- com.tests.regression.CreateNewExFactoryPoRegressionSuite -->
