<?xml version="1.0" encoding="UTF-8"?>
<!-- Generated by org.testng.reporters.JUnitReportReporter -->
<testsuite hostname="ankita-ThinkPad-E470" failures="0" tests="1" name="com.tests.AddSecurityGuardTest" time="15.537" errors="0" timestamp="2020-03-11T17:48:05 IST" skipped="0">
  <testcase classname="com.tests.AddSecurityGuardTest" name="addSecurityGuard" time="15.537"/>
  <system-out/>
</testsuite> <!-- com.tests.AddSecurityGuardTest -->
