<?xml version="1.0" encoding="UTF-8"?>
<!-- Generated by org.testng.reporters.JUnitReportReporter -->
<testsuite hostname="ankita-ThinkPad-E470" failures="0" tests="1" name="com.tests.HelpTest" time="0.304" errors="0" timestamp="2020-08-10T13:39:53 IST" skipped="0">
  <testcase classname="com.tests.HelpTest" name="enter" time="0.304"/>
  <system-out/>
</testsuite> <!-- com.tests.HelpTest -->
