<?xml version="1.0" encoding="UTF-8"?>
<!-- Generated by org.testng.reporters.JUnitReportReporter -->
<testsuite hostname="ankita-ThinkPad-E470" failures="0" tests="9" name="com.tests.regression.MasterRegressionSuite" time="238.630" errors="0" timestamp="2020-07-17T12:26:44 IST" skipped="0">
  <testcase classname="com.tests.regression.MasterRegressionSuite" name="customerAdding" time="22.858"/>
  <system-out/>
  <testcase classname="com.tests.regression.MasterRegressionSuite" name="addItem" time="7.374"/>
  <system-out/>
  <testcase classname="com.tests.regression.MasterRegressionSuite" name="addMagazine" time="29.329"/>
  <system-out/>
  <testcase classname="com.tests.regression.MasterRegressionSuite" name="addVehicle" time="85.490"/>
  <system-out/>
  <testcase classname="com.tests.regression.MasterRegressionSuite" name="addCompanyTest" time="6.475"/>
  <system-out/>
  <testcase classname="com.tests.regression.MasterRegressionSuite" name="addTransporter" time="9.983"/>
  <system-out/>
  <testcase classname="com.tests.regression.MasterRegressionSuite" name="addSecurityAgency" time="8.329"/>
  <system-out/>
  <testcase classname="com.tests.regression.MasterRegressionSuite" name="addSecurityGuard" time="9.615"/>
  <system-out/>
  <testcase classname="com.tests.regression.MasterRegressionSuite" name="addDriver" time="59.177"/>
  <system-out/>
</testsuite> <!-- com.tests.regression.MasterRegressionSuite -->
