<?xml version="1.0" encoding="UTF-8"?>
<!-- Generated by org.testng.reporters.JUnitReportReporter -->
<testsuite hostname="ankita-ThinkPad-E470" failures="0" tests="1" name="com.tests.AddVehicleTest" time="75.330" errors="0" timestamp="2020-03-13T11:42:08 IST" skipped="0">
  <testcase classname="com.tests.AddVehicleTest" name="addVehicle" time="75.330"/>
  <system-out/>
</testsuite> <!-- com.tests.AddVehicleTest -->
