<?xml version="1.0" encoding="UTF-8"?>
<!-- Generated by org.testng.reporters.JUnitReportReporter -->
<testsuite hostname="ankita-ThinkPad-E470" failures="0" tests="1" name="com.tests.transaction.Intemation" time="15.614" errors="0" timestamp="2020-07-17T13:55:04 IST" skipped="0">
  <testcase classname="com.tests.transaction.Intemation" name="sendIntemation" time="15.614"/>
  <system-out/>
</testsuite> <!-- com.tests.transaction.Intemation -->
