<?xml version="1.0" encoding="UTF-8"?>
<!-- Generated by org.testng.reporters.JUnitReportReporter -->
<testsuite hostname="ankita-ThinkPad-E470" failures="0" tests="1" name="com.tests.AddCompanyTest" time="12.073" errors="0" timestamp="2020-11-30T12:36:38 IST" skipped="0">
  <testcase classname="com.tests.AddCompanyTest" name="addCompanyTest" time="12.073"/>
  <system-out/>
</testsuite> <!-- com.tests.AddCompanyTest -->
