<?xml version="1.0" encoding="UTF-8"?>
<!-- Generated by org.testng.reporters.JUnitReportReporter -->
<testsuite hostname="ankita-ThinkPad-E470" failures="0" tests="1" name="com.tests.AddCompanyTest" time="11.615" errors="0" timestamp="2021-02-18T18:28:32 IST" skipped="0">
  <testcase classname="com.tests.AddCompanyTest" name="addCompanyTest" time="11.615"/>
  <system-out/>
</testsuite> <!-- com.tests.AddCompanyTest -->
