<?xml version="1.0" encoding="UTF-8"?>
<!-- Generated by org.testng.reporters.JUnitReportReporter -->
<testsuite hostname="ankita-ThinkPad-E470" failures="0" tests="1" name="com.testCases.ErokdaTest" time="13.784" errors="0" timestamp="2020-12-26T11:57:31 IST" skipped="0">
  <testcase classname="com.testCases.ErokdaTest" name="test" time="13.784"/>
  <system-out/>
</testsuite> <!-- com.testCases.ErokdaTest -->
