<?xml version="1.0" encoding="UTF-8"?>
<!-- Generated by org.testng.reporters.JUnitReportReporter -->
<testsuite hostname="ankita-ThinkPad-E470" failures="0" tests="1" name="com.testCases.ExcelProgram" time="2.004" errors="0" timestamp="2020-12-23T11:30:38 IST" skipped="0">
  <testcase classname="com.testCases.ExcelProgram" name="testReader" time="2.004"/>
  <system-out/>
</testsuite> <!-- com.testCases.ExcelProgram -->
