<?xml version="1.0" encoding="UTF-8"?>
<!-- Generated by org.testng.reporters.JUnitReportReporter -->
<testsuite hostname="ankita-ThinkPad-E470" failures="0" tests="1" name="com.testCases.Assignment1Test" time="4.428" errors="0" timestamp="2020-12-02T20:21:08 IST" skipped="0">
  <testcase classname="com.testCases.Assignment1Test" name="annaAssignment1" time="4.428"/>
  <system-out/>
</testsuite> <!-- com.testCases.Assignment1Test -->
