<?xml version="1.0" encoding="UTF-8"?>
<!-- Generated by org.testng.reporters.JUnitReportReporter -->
<testsuite hostname="ankita-ThinkPad-E470" failures="0" tests="1" name="com.testCases.ExcelCompare" time="0.682" errors="0" timestamp="2020-12-17T19:08:07 IST" skipped="0">
  <testcase classname="com.testCases.ExcelCompare" name="Excel" time="0.682"/>
  <system-out/>
</testsuite> <!-- com.testCases.ExcelCompare -->
