<?xml version="1.0" encoding="UTF-8"?>
<!-- Generated by org.testng.reporters.JUnitReportReporter -->
<testsuite hostname="ankita-ThinkPad-E470" failures="0" tests="1" name="com.testCases.TestProject" time="0.008" errors="0" timestamp="2020-12-23T15:22:59 IST" skipped="0">
  <testcase classname="com.testCases.TestProject" name="generateNumbers" time="0.008"/>
  <system-out/>
</testsuite> <!-- com.testCases.TestProject -->
