<?xml version="1.0" encoding="UTF-8"?>
<!-- Generated by org.testng.reporters.JUnitReportReporter -->
<testsuite hostname="ankita-ThinkPad-E470" failures="0" tests="1" name="com.testCases.Assignment3Test" time="8.709" errors="0" timestamp="2020-12-03T00:44:42 IST" skipped="0">
  <testcase classname="com.testCases.Assignment3Test" name="gmailTest" time="8.709"/>
  <system-out/>
</testsuite> <!-- com.testCases.Assignment3Test -->
