<?xml version="1.0" encoding="UTF-8"?>
<!-- Generated by org.testng.reporters.JUnitReportReporter -->
<testsuite hostname="DESKTOP-OP1HFEP" failures="0" tests="1" name="tests.AddOpprtunityTaskOrder" time="317.467" errors="0" timestamp="01 Apr 2019 11:25:12 GMT" skipped="0">
  <testcase classname="tests.AddOpprtunityTaskOrder" name="addOpportunityTask" time="317.467"/>
</testsuite> <!-- tests.AddOpprtunityTaskOrder -->
