<?xml version="1.0" encoding="UTF-8"?>
<!-- Generated by org.testng.reporters.JUnitReportReporter -->
<testsuite hostname="DESKTOP-OP1HFEP" failures="0" tests="1" name="tests.AddOpportunityQuickTurn" time="196.418" errors="0" timestamp="01 Apr 2019 13:34:26 GMT" skipped="0">
  <testcase classname="tests.AddOpportunityQuickTurn" name="addOpportunityQuickTurn" time="196.418"/>
</testsuite> <!-- tests.AddOpportunityQuickTurn -->
